This is pdfTeX, Version 3.14159265-2.6-1.40.21 (TeX Live 2020) (preloaded format=pdflatex 2020.4.7)  9 FEB 2021 10:22
entering extended mode
 restricted \write18 enabled.
 file:line:error style messages enabled.
 %&-line parsing enabled.
**teaser.tex
(./teaser.tex
LaTeX2e <2020-02-02> patch level 5
L3 programming layer <2020-03-06>
(/usr/local/texlive/2020/texmf-dist/tex/latex/beamer/beamer.cls
Document Class: beamer 2019/09/29 v3.57 A class for typesetting presentations
(/usr/local/texlive/2020/texmf-dist/tex/latex/beamer/beamerbasemodes.sty
(/usr/local/texlive/2020/texmf-dist/tex/latex/etoolbox/etoolbox.sty
Package: etoolbox 2019/09/21 v2.5h e-TeX tools for LaTeX (JAW)
\etb@tempcnta=\count167
)
\beamer@tempbox=\box45
\beamer@tempcount=\count168
\c@beamerpauses=\count169

(/usr/local/texlive/2020/texmf-dist/tex/latex/beamer/beamerbasedecode.sty
\beamer@slideinframe=\count170
\beamer@minimum=\count171
\beamer@decode@box=\box46
)
\beamer@commentbox=\box47
\beamer@modecount=\count172
)
(/usr/local/texlive/2020/texmf-dist/tex/generic/iftex/ifpdf.sty
Package: ifpdf 2019/10/25 v3.4 ifpdf legacy package. Use iftex instead.

(/usr/local/texlive/2020/texmf-dist/tex/generic/iftex/iftex.sty
Package: iftex 2020/03/06 v1.0d TeX engine tests
))
\headdp=\dimen134
\footheight=\dimen135
\sidebarheight=\dimen136
\beamer@tempdim=\dimen137
\beamer@finalheight=\dimen138
\beamer@animht=\dimen139
\beamer@animdp=\dimen140
\beamer@animwd=\dimen141
\beamer@leftmargin=\dimen142
\beamer@rightmargin=\dimen143
\beamer@leftsidebar=\dimen144
\beamer@rightsidebar=\dimen145
\beamer@boxsize=\dimen146
\beamer@vboxoffset=\dimen147
\beamer@descdefault=\dimen148
\beamer@descriptionwidth=\dimen149
\beamer@lastskip=\skip47
\beamer@areabox=\box48
\beamer@animcurrent=\box49
\beamer@animshowbox=\box50
\beamer@sectionbox=\box51
\beamer@logobox=\box52
\beamer@linebox=\box53
\beamer@sectioncount=\count173
\beamer@subsubsectionmax=\count174
\beamer@subsectionmax=\count175
\beamer@sectionmax=\count176
\beamer@totalheads=\count177
\beamer@headcounter=\count178
\beamer@partstartpage=\count179
\beamer@sectionstartpage=\count180
\beamer@subsectionstartpage=\count181
\beamer@animationtempa=\count182
\beamer@animationtempb=\count183
\beamer@xpos=\count184
\beamer@ypos=\count185
\beamer@ypos@offset=\count186
\beamer@showpartnumber=\count187
\beamer@currentsubsection=\count188
\beamer@coveringdepth=\count189
\beamer@sectionadjust=\count190
\beamer@tocsectionnumber=\count191

(/usr/local/texlive/2020/texmf-dist/tex/latex/beamer/beamerbaseoptions.sty
(/usr/local/texlive/2020/texmf-dist/tex/latex/graphics/keyval.sty
Package: keyval 2014/10/28 v1.15 key=value parser (DPC)
\KV@toks@=\toks15
))
\beamer@paperwidth=\skip48
\beamer@paperheight=\skip49

(/usr/local/texlive/2020/texmf-dist/tex/latex/geometry/geometry.sty
Package: geometry 2020/01/02 v5.9 Page Geometry

(/usr/local/texlive/2020/texmf-dist/tex/generic/iftex/ifvtex.sty
Package: ifvtex 2019/10/25 v1.7 ifvtex legacy package. Use iftex instead.
)
\Gm@cnth=\count192
\Gm@cntv=\count193
\c@Gm@tempcnt=\count194
\Gm@bindingoffset=\dimen150
\Gm@wd@mp=\dimen151
\Gm@odd@mp=\dimen152
\Gm@even@mp=\dimen153
\Gm@layoutwidth=\dimen154
\Gm@layoutheight=\dimen155
\Gm@layouthoffset=\dimen156
\Gm@layoutvoffset=\dimen157
\Gm@dimlist=\toks16
)
(/usr/local/texlive/2020/texmf-dist/tex/latex/base/size11.clo
File: size11.clo 2019/12/20 v1.4l Standard LaTeX file (size option)
)
(/usr/local/texlive/2020/texmf-dist/tex/latex/pgf/basiclayer/pgfcore.sty
(/usr/local/texlive/2020/texmf-dist/tex/latex/graphics/graphicx.sty
Package: graphicx 2019/11/30 v1.2a Enhanced LaTeX Graphics (DPC,SPQR)

(/usr/local/texlive/2020/texmf-dist/tex/latex/graphics/graphics.sty
Package: graphics 2019/11/30 v1.4a Standard LaTeX Graphics (DPC,SPQR)

(/usr/local/texlive/2020/texmf-dist/tex/latex/graphics/trig.sty
Package: trig 2016/01/03 v1.10 sin cos tan (DPC)
)
(/usr/local/texlive/2020/texmf-dist/tex/latex/graphics-cfg/graphics.cfg
File: graphics.cfg 2016/06/04 v1.11 sample graphics configuration
)
Package graphics Info: Driver file: pdftex.def on input line 105.

(/usr/local/texlive/2020/texmf-dist/tex/latex/graphics-def/pdftex.def
File: pdftex.def 2018/01/08 v1.0l Graphics/color driver for pdftex
))
\Gin@req@height=\dimen158
\Gin@req@width=\dimen159
)
(/usr/local/texlive/2020/texmf-dist/tex/latex/pgf/systemlayer/pgfsys.sty
(/usr/local/texlive/2020/texmf-dist/tex/latex/pgf/utilities/pgfrcs.sty
(/usr/local/texlive/2020/texmf-dist/tex/generic/pgf/utilities/pgfutil-common.te
x
\pgfutil@everybye=\toks17
\pgfutil@tempdima=\dimen160
\pgfutil@tempdimb=\dimen161

(/usr/local/texlive/2020/texmf-dist/tex/generic/pgf/utilities/pgfutil-common-li
sts.tex))
(/usr/local/texlive/2020/texmf-dist/tex/generic/pgf/utilities/pgfutil-latex.def
\pgfutil@abb=\box54
(/usr/local/texlive/2020/texmf-dist/tex/latex/ms/everyshi.sty
Package: everyshi 2001/05/15 v3.00 EveryShipout Package (MS)
))
(/usr/local/texlive/2020/texmf-dist/tex/generic/pgf/utilities/pgfrcs.code.tex
(/usr/local/texlive/2020/texmf-dist/tex/generic/pgf/pgf.revision.tex)
Package: pgfrcs 2020/01/08 v3.1.5b (3.1.5b)
))
(/usr/local/texlive/2020/texmf-dist/tex/generic/pgf/systemlayer/pgfsys.code.tex
Package: pgfsys 2020/01/08 v3.1.5b (3.1.5b)
(/usr/local/texlive/2020/texmf-dist/tex/generic/pgf/utilities/pgfkeys.code.tex
\pgfkeys@pathtoks=\toks18
\pgfkeys@temptoks=\toks19

(/usr/local/texlive/2020/texmf-dist/tex/generic/pgf/utilities/pgfkeysfiltered.c
ode.tex
\pgfkeys@tmptoks=\toks20
))
\pgf@x=\dimen162
\pgf@y=\dimen163
\pgf@xa=\dimen164
\pgf@ya=\dimen165
\pgf@xb=\dimen166
\pgf@yb=\dimen167
\pgf@xc=\dimen168
\pgf@yc=\dimen169
\pgf@xd=\dimen170
\pgf@yd=\dimen171
\w@pgf@writea=\write3
\r@pgf@reada=\read2
\c@pgf@counta=\count195
\c@pgf@countb=\count196
\c@pgf@countc=\count197
\c@pgf@countd=\count198
\t@pgf@toka=\toks21
\t@pgf@tokb=\toks22
\t@pgf@tokc=\toks23
\pgf@sys@id@count=\count199

(/usr/local/texlive/2020/texmf-dist/tex/generic/pgf/systemlayer/pgf.cfg
File: pgf.cfg 2020/01/08 v3.1.5b (3.1.5b)
)
Driver file for pgf: pgfsys-pdftex.def

(/usr/local/texlive/2020/texmf-dist/tex/generic/pgf/systemlayer/pgfsys-pdftex.d
ef
File: pgfsys-pdftex.def 2020/01/08 v3.1.5b (3.1.5b)

(/usr/local/texlive/2020/texmf-dist/tex/generic/pgf/systemlayer/pgfsys-common-p
df.def
File: pgfsys-common-pdf.def 2020/01/08 v3.1.5b (3.1.5b)
)))
(/usr/local/texlive/2020/texmf-dist/tex/generic/pgf/systemlayer/pgfsyssoftpath.
code.tex
File: pgfsyssoftpath.code.tex 2020/01/08 v3.1.5b (3.1.5b)
\pgfsyssoftpath@smallbuffer@items=\count266
\pgfsyssoftpath@bigbuffer@items=\count267
)
(/usr/local/texlive/2020/texmf-dist/tex/generic/pgf/systemlayer/pgfsysprotocol.
code.tex
File: pgfsysprotocol.code.tex 2020/01/08 v3.1.5b (3.1.5b)
)) (/usr/local/texlive/2020/texmf-dist/tex/latex/xcolor/xcolor.sty
Package: xcolor 2016/05/11 v2.12 LaTeX color extensions (UK)

(/usr/local/texlive/2020/texmf-dist/tex/latex/graphics-cfg/color.cfg
File: color.cfg 2016/01/02 v1.6 sample color configuration
)
Package xcolor Info: Driver file: pdftex.def on input line 225.
Package xcolor Info: Model `cmy' substituted by `cmy0' on input line 1348.
Package xcolor Info: Model `hsb' substituted by `rgb' on input line 1352.
Package xcolor Info: Model `RGB' extended on input line 1364.
Package xcolor Info: Model `HTML' substituted by `rgb' on input line 1366.
Package xcolor Info: Model `Hsb' substituted by `hsb' on input line 1367.
Package xcolor Info: Model `tHsb' substituted by `hsb' on input line 1368.
Package xcolor Info: Model `HSB' substituted by `hsb' on input line 1369.
Package xcolor Info: Model `Gray' substituted by `gray' on input line 1370.
Package xcolor Info: Model `wave' substituted by `hsb' on input line 1371.
)
(/usr/local/texlive/2020/texmf-dist/tex/generic/pgf/basiclayer/pgfcore.code.tex
Package: pgfcore 2020/01/08 v3.1.5b (3.1.5b)
(/usr/local/texlive/2020/texmf-dist/tex/generic/pgf/math/pgfmath.code.tex
(/usr/local/texlive/2020/texmf-dist/tex/generic/pgf/math/pgfmathcalc.code.tex
(/usr/local/texlive/2020/texmf-dist/tex/generic/pgf/math/pgfmathutil.code.tex)
(/usr/local/texlive/2020/texmf-dist/tex/generic/pgf/math/pgfmathparser.code.tex
\pgfmath@dimen=\dimen172
\pgfmath@count=\count268
\pgfmath@box=\box55
\pgfmath@toks=\toks24
\pgfmath@stack@operand=\toks25
\pgfmath@stack@operation=\toks26
)
(/usr/local/texlive/2020/texmf-dist/tex/generic/pgf/math/pgfmathfunctions.code.
tex
(/usr/local/texlive/2020/texmf-dist/tex/generic/pgf/math/pgfmathfunctions.basic
.code.tex)
(/usr/local/texlive/2020/texmf-dist/tex/generic/pgf/math/pgfmathfunctions.trigo
nometric.code.tex)
(/usr/local/texlive/2020/texmf-dist/tex/generic/pgf/math/pgfmathfunctions.rando
m.code.tex)
(/usr/local/texlive/2020/texmf-dist/tex/generic/pgf/math/pgfmathfunctions.compa
rison.code.tex)
(/usr/local/texlive/2020/texmf-dist/tex/generic/pgf/math/pgfmathfunctions.base.
code.tex)
(/usr/local/texlive/2020/texmf-dist/tex/generic/pgf/math/pgfmathfunctions.round
.code.tex)
(/usr/local/texlive/2020/texmf-dist/tex/generic/pgf/math/pgfmathfunctions.misc.
code.tex)
(/usr/local/texlive/2020/texmf-dist/tex/generic/pgf/math/pgfmathfunctions.integ
erarithmetics.code.tex)))
(/usr/local/texlive/2020/texmf-dist/tex/generic/pgf/math/pgfmathfloat.code.tex
\c@pgfmathroundto@lastzeros=\count269
)) (/usr/local/texlive/2020/texmf-dist/tex/generic/pgf/math/pgfint.code.tex)
(/usr/local/texlive/2020/texmf-dist/tex/generic/pgf/basiclayer/pgfcorepoints.co
de.tex
File: pgfcorepoints.code.tex 2020/01/08 v3.1.5b (3.1.5b)
\pgf@picminx=\dimen173
\pgf@picmaxx=\dimen174
\pgf@picminy=\dimen175
\pgf@picmaxy=\dimen176
\pgf@pathminx=\dimen177
\pgf@pathmaxx=\dimen178
\pgf@pathminy=\dimen179
\pgf@pathmaxy=\dimen180
\pgf@xx=\dimen181
\pgf@xy=\dimen182
\pgf@yx=\dimen183
\pgf@yy=\dimen184
\pgf@zx=\dimen185
\pgf@zy=\dimen186
)
(/usr/local/texlive/2020/texmf-dist/tex/generic/pgf/basiclayer/pgfcorepathconst
ruct.code.tex
File: pgfcorepathconstruct.code.tex 2020/01/08 v3.1.5b (3.1.5b)
\pgf@path@lastx=\dimen187
\pgf@path@lasty=\dimen188
)
(/usr/local/texlive/2020/texmf-dist/tex/generic/pgf/basiclayer/pgfcorepathusage
.code.tex
File: pgfcorepathusage.code.tex 2020/01/08 v3.1.5b (3.1.5b)
\pgf@shorten@end@additional=\dimen189
\pgf@shorten@start@additional=\dimen190
)
(/usr/local/texlive/2020/texmf-dist/tex/generic/pgf/basiclayer/pgfcorescopes.co
de.tex
File: pgfcorescopes.code.tex 2020/01/08 v3.1.5b (3.1.5b)
\pgfpic=\box56
\pgf@hbox=\box57
\pgf@layerbox@main=\box58
\pgf@picture@serial@count=\count270
)
(/usr/local/texlive/2020/texmf-dist/tex/generic/pgf/basiclayer/pgfcoregraphicst
ate.code.tex
File: pgfcoregraphicstate.code.tex 2020/01/08 v3.1.5b (3.1.5b)
\pgflinewidth=\dimen191
)
(/usr/local/texlive/2020/texmf-dist/tex/generic/pgf/basiclayer/pgfcoretransform
ations.code.tex
File: pgfcoretransformations.code.tex 2020/01/08 v3.1.5b (3.1.5b)
\pgf@pt@x=\dimen192
\pgf@pt@y=\dimen193
\pgf@pt@temp=\dimen194
)
(/usr/local/texlive/2020/texmf-dist/tex/generic/pgf/basiclayer/pgfcorequick.cod
e.tex
File: pgfcorequick.code.tex 2020/01/08 v3.1.5b (3.1.5b)
)
(/usr/local/texlive/2020/texmf-dist/tex/generic/pgf/basiclayer/pgfcoreobjects.c
ode.tex
File: pgfcoreobjects.code.tex 2020/01/08 v3.1.5b (3.1.5b)
)
(/usr/local/texlive/2020/texmf-dist/tex/generic/pgf/basiclayer/pgfcorepathproce
ssing.code.tex
File: pgfcorepathprocessing.code.tex 2020/01/08 v3.1.5b (3.1.5b)
)
(/usr/local/texlive/2020/texmf-dist/tex/generic/pgf/basiclayer/pgfcorearrows.co
de.tex
File: pgfcorearrows.code.tex 2020/01/08 v3.1.5b (3.1.5b)
\pgfarrowsep=\dimen195
)
(/usr/local/texlive/2020/texmf-dist/tex/generic/pgf/basiclayer/pgfcoreshade.cod
e.tex
File: pgfcoreshade.code.tex 2020/01/08 v3.1.5b (3.1.5b)
\pgf@max=\dimen196
\pgf@sys@shading@range@num=\count271
\pgf@shadingcount=\count272
)
(/usr/local/texlive/2020/texmf-dist/tex/generic/pgf/basiclayer/pgfcoreimage.cod
e.tex
File: pgfcoreimage.code.tex 2020/01/08 v3.1.5b (3.1.5b)

(/usr/local/texlive/2020/texmf-dist/tex/generic/pgf/basiclayer/pgfcoreexternal.
code.tex
File: pgfcoreexternal.code.tex 2020/01/08 v3.1.5b (3.1.5b)
\pgfexternal@startupbox=\box59
))
(/usr/local/texlive/2020/texmf-dist/tex/generic/pgf/basiclayer/pgfcorelayers.co
de.tex
File: pgfcorelayers.code.tex 2020/01/08 v3.1.5b (3.1.5b)
)
(/usr/local/texlive/2020/texmf-dist/tex/generic/pgf/basiclayer/pgfcoretranspare
ncy.code.tex
File: pgfcoretransparency.code.tex 2020/01/08 v3.1.5b (3.1.5b)
)
(/usr/local/texlive/2020/texmf-dist/tex/generic/pgf/basiclayer/pgfcorepatterns.
code.tex
File: pgfcorepatterns.code.tex 2020/01/08 v3.1.5b (3.1.5b)
)
(/usr/local/texlive/2020/texmf-dist/tex/generic/pgf/basiclayer/pgfcorerdf.code.
tex
File: pgfcorerdf.code.tex 2020/01/08 v3.1.5b (3.1.5b)
))) (/usr/local/texlive/2020/texmf-dist/tex/latex/pgf/utilities/xxcolor.sty
Package: xxcolor 2003/10/24 ver 0.1
\XC@nummixins=\count273
\XC@countmixins=\count274
) (/usr/local/texlive/2020/texmf-dist/tex/generic/atbegshi/atbegshi.sty
Package: atbegshi 2019/12/05 v1.19 At begin shipout hook (HO)

(/usr/local/texlive/2020/texmf-dist/tex/generic/infwarerr/infwarerr.sty
Package: infwarerr 2019/12/03 v1.5 Providing info/warning/error messages (HO)
)
(/usr/local/texlive/2020/texmf-dist/tex/generic/ltxcmds/ltxcmds.sty
Package: ltxcmds 2019/12/15 v1.24 LaTeX kernel commands for general use (HO)
))
(/usr/local/texlive/2020/texmf-dist/tex/latex/hyperref/hyperref.sty
Package: hyperref 2020/01/14 v7.00d Hypertext links for LaTeX

(/usr/local/texlive/2020/texmf-dist/tex/latex/pdftexcmds/pdftexcmds.sty
Package: pdftexcmds 2019/11/24 v0.31 Utility functions of pdfTeX for LuaTeX (HO
)
Package pdftexcmds Info: \pdf@primitive is available.
Package pdftexcmds Info: \pdf@ifprimitive is available.
Package pdftexcmds Info: \pdfdraftmode found.
)
(/usr/local/texlive/2020/texmf-dist/tex/generic/kvsetkeys/kvsetkeys.sty
Package: kvsetkeys 2019/12/15 v1.18 Key value parser (HO)
)
(/usr/local/texlive/2020/texmf-dist/tex/generic/kvdefinekeys/kvdefinekeys.sty
Package: kvdefinekeys 2019-12-19 v1.6 Define keys (HO)
)
(/usr/local/texlive/2020/texmf-dist/tex/generic/pdfescape/pdfescape.sty
Package: pdfescape 2019/12/09 v1.15 Implements pdfTeX's escape features (HO)
)
(/usr/local/texlive/2020/texmf-dist/tex/latex/hycolor/hycolor.sty
Package: hycolor 2020-01-27 v1.10 Color options for hyperref/bookmark (HO)
)
(/usr/local/texlive/2020/texmf-dist/tex/latex/letltxmacro/letltxmacro.sty
Package: letltxmacro 2019/12/03 v1.6 Let assignment for LaTeX macros (HO)
)
(/usr/local/texlive/2020/texmf-dist/tex/latex/auxhook/auxhook.sty
Package: auxhook 2019-12-17 v1.6 Hooks for auxiliary files (HO)
)
(/usr/local/texlive/2020/texmf-dist/tex/latex/kvoptions/kvoptions.sty
Package: kvoptions 2019/11/29 v3.13 Key value format for package options (HO)
)
\@linkdim=\dimen197
\Hy@linkcounter=\count275
\Hy@pagecounter=\count276

(/usr/local/texlive/2020/texmf-dist/tex/latex/hyperref/pd1enc.def
File: pd1enc.def 2020/01/14 v7.00d Hyperref: PDFDocEncoding definition (HO)
Now handling font encoding PD1 ...
... no UTF-8 mapping file for font encoding PD1
)
(/usr/local/texlive/2020/texmf-dist/tex/generic/intcalc/intcalc.sty
Package: intcalc 2019/12/15 v1.3 Expandable calculations with integers (HO)
)
(/usr/local/texlive/2020/texmf-dist/tex/generic/etexcmds/etexcmds.sty
Package: etexcmds 2019/12/15 v1.7 Avoid name clashes with e-TeX commands (HO)
)
\Hy@SavedSpaceFactor=\count277
Package hyperref Info: Option `bookmarks' set `true' on input line 4421.
Package hyperref Info: Option `bookmarksopen' set `true' on input line 4421.
Package hyperref Info: Option `implicit' set `false' on input line 4421.
Package hyperref Info: Hyper figures OFF on input line 4547.
Package hyperref Info: Link nesting OFF on input line 4552.
Package hyperref Info: Hyper index ON on input line 4555.
Package hyperref Info: Plain pages OFF on input line 4562.
Package hyperref Info: Backreferencing OFF on input line 4567.
Package hyperref Info: Implicit mode OFF; no redefinition of LaTeX internals.
Package hyperref Info: Bookmarks ON on input line 4800.
\c@Hy@tempcnt=\count278

(/usr/local/texlive/2020/texmf-dist/tex/latex/url/url.sty
\Urlmuskip=\muskip16
Package: url 2013/09/16  ver 3.4  Verb mode for urls, etc.
)
LaTeX Info: Redefining \url on input line 5159.
\XeTeXLinkMargin=\dimen198

(/usr/local/texlive/2020/texmf-dist/tex/generic/bitset/bitset.sty
Package: bitset 2019/12/09 v1.3 Handle bit-vector datatype (HO)

(/usr/local/texlive/2020/texmf-dist/tex/generic/bigintcalc/bigintcalc.sty
Package: bigintcalc 2019/12/15 v1.5 Expandable calculations on big integers (HO
)
))
\Fld@menulength=\count279
\Field@Width=\dimen199
\Fld@charsize=\dimen256
Package hyperref Info: Hyper figures OFF on input line 6430.
Package hyperref Info: Link nesting OFF on input line 6435.
Package hyperref Info: Hyper index ON on input line 6438.
Package hyperref Info: backreferencing OFF on input line 6445.
Package hyperref Info: Link coloring OFF on input line 6450.
Package hyperref Info: Link coloring with OCG OFF on input line 6455.
Package hyperref Info: PDF/A mode OFF on input line 6460.
LaTeX Info: Redefining \ref on input line 6500.
LaTeX Info: Redefining \pageref on input line 6504.
\Hy@abspage=\count280


Package hyperref Message: Stopped early.

)
Package hyperref Info: Driver (autodetected): hpdftex.
 (/usr/local/texlive/2020/texmf-dist/tex/latex/hyperref/hpdftex.def
File: hpdftex.def 2020/01/14 v7.00d Hyperref driver for pdfTeX

(/usr/local/texlive/2020/texmf-dist/tex/latex/atveryend/atveryend.sty
Package: atveryend 2019-12-11 v1.11 Hooks at the very end of document (HO)
)
\Fld@listcount=\count281
\c@bookmark@seq@number=\count282

(/usr/local/texlive/2020/texmf-dist/tex/latex/rerunfilecheck/rerunfilecheck.sty
Package: rerunfilecheck 2019/12/05 v1.9 Rerun checks for auxiliary files (HO)

(/usr/local/texlive/2020/texmf-dist/tex/generic/uniquecounter/uniquecounter.sty
Package: uniquecounter 2019/12/15 v1.4 Provide unlimited unique counter (HO)
)
Package uniquecounter Info: New unique counter `rerunfilecheck' on input line 2
86.
)) (/usr/local/texlive/2020/texmf-dist/tex/latex/beamer/beamerbaserequires.sty
(/usr/local/texlive/2020/texmf-dist/tex/latex/beamer/beamerbasecompatibility.st
y) (/usr/local/texlive/2020/texmf-dist/tex/latex/beamer/beamerbasefont.sty
(/usr/local/texlive/2020/texmf-dist/tex/latex/amsfonts/amssymb.sty
Package: amssymb 2013/01/14 v3.01 AMS font symbols

(/usr/local/texlive/2020/texmf-dist/tex/latex/amsfonts/amsfonts.sty
Package: amsfonts 2013/01/14 v3.01 Basic AMSFonts support
\@emptytoks=\toks27
\symAMSa=\mathgroup4
\symAMSb=\mathgroup5
LaTeX Font Info:    Redeclaring math symbol \hbar on input line 98.
LaTeX Font Info:    Overwriting math alphabet `\mathfrak' in version `bold'
(Font)                  U/euf/m/n --> U/euf/b/n on input line 106.
))
(/usr/local/texlive/2020/texmf-dist/tex/latex/sansmathaccent/sansmathaccent.sty
Package: sansmathaccent 2020/01/31
(/usr/local/texlive/2020/texmf-dist/tex/latex/koma-script/scrlfile.sty
Package: scrlfile 2020/01/24 v3.29 KOMA-Script package (loading files)
)))
(/usr/local/texlive/2020/texmf-dist/tex/latex/beamer/beamerbasetranslator.sty
(/usr/local/texlive/2020/texmf-dist/tex/latex/translator/translator.sty
Package: translator 2019-05-31 v1.12a Easy translation of strings in LaTeX
))
(/usr/local/texlive/2020/texmf-dist/tex/latex/beamer/beamerbasemisc.sty)
(/usr/local/texlive/2020/texmf-dist/tex/latex/beamer/beamerbasetwoscreens.sty)
(/usr/local/texlive/2020/texmf-dist/tex/latex/beamer/beamerbaseoverlay.sty
\beamer@argscount=\count283
\beamer@lastskipcover=\skip50
\beamer@trivlistdepth=\count284
)
(/usr/local/texlive/2020/texmf-dist/tex/latex/beamer/beamerbasetitle.sty)
(/usr/local/texlive/2020/texmf-dist/tex/latex/beamer/beamerbasesection.sty
\c@lecture=\count285
\c@part=\count286
\c@section=\count287
\c@subsection=\count288
\c@subsubsection=\count289
)
(/usr/local/texlive/2020/texmf-dist/tex/latex/beamer/beamerbaseframe.sty
\beamer@framebox=\box60
\beamer@frametitlebox=\box61
\beamer@zoombox=\box62
\beamer@zoomcount=\count290
\beamer@zoomframecount=\count291
\beamer@frametextheight=\dimen257
\c@subsectionslide=\count292
\beamer@frametopskip=\skip51
\beamer@framebottomskip=\skip52
\beamer@frametopskipautobreak=\skip53
\beamer@framebottomskipautobreak=\skip54
\beamer@envbody=\toks28
\framewidth=\dimen258
\c@framenumber=\count293
)
(/usr/local/texlive/2020/texmf-dist/tex/latex/beamer/beamerbaseverbatim.sty
\beamer@verbatimfileout=\write4
)
(/usr/local/texlive/2020/texmf-dist/tex/latex/beamer/beamerbaseframesize.sty
\beamer@splitbox=\box63
\beamer@autobreakcount=\count294
\beamer@autobreaklastheight=\dimen259
\beamer@frametitletoks=\toks29
\beamer@framesubtitletoks=\toks30
)
(/usr/local/texlive/2020/texmf-dist/tex/latex/beamer/beamerbaseframecomponents.
sty
\beamer@footins=\box64
) (/usr/local/texlive/2020/texmf-dist/tex/latex/beamer/beamerbasecolor.sty)
(/usr/local/texlive/2020/texmf-dist/tex/latex/beamer/beamerbasenotes.sty
\beamer@frameboxcopy=\box65
)
(/usr/local/texlive/2020/texmf-dist/tex/latex/beamer/beamerbasetoc.sty)
(/usr/local/texlive/2020/texmf-dist/tex/latex/beamer/beamerbasetemplates.sty
\beamer@sbttoks=\toks31

(/usr/local/texlive/2020/texmf-dist/tex/latex/beamer/beamerbaseauxtemplates.sty
(/usr/local/texlive/2020/texmf-dist/tex/latex/beamer/beamerbaseboxes.sty
\bmb@box=\box66
\bmb@colorbox=\box67
\bmb@boxshadow=\box68
\bmb@boxshadowball=\box69
\bmb@boxshadowballlarge=\box70
\bmb@temp=\dimen260
\bmb@dima=\dimen261
\bmb@dimb=\dimen262
\bmb@prevheight=\dimen263
)
\beamer@blockheadheight=\dimen264
))
(/usr/local/texlive/2020/texmf-dist/tex/latex/beamer/beamerbaselocalstructure.s
ty (/usr/local/texlive/2020/texmf-dist/tex/latex/tools/enumerate.sty
Package: enumerate 2015/07/23 v3.00 enumerate extensions (DPC)
\@enLab=\toks32
)
\c@figure=\count295
\c@table=\count296
\abovecaptionskip=\skip55
\belowcaptionskip=\skip56
)
(/usr/local/texlive/2020/texmf-dist/tex/latex/beamer/beamerbasenavigation.sty
\beamer@section@min@dim=\dimen265
)
(/usr/local/texlive/2020/texmf-dist/tex/latex/beamer/beamerbasetheorems.sty
(/usr/local/texlive/2020/texmf-dist/tex/latex/amsmath/amsmath.sty
Package: amsmath 2020/01/20 v2.17e AMS math features
\@mathmargin=\skip57

For additional information on amsmath, use the `?' option.
(/usr/local/texlive/2020/texmf-dist/tex/latex/amsmath/amstext.sty
Package: amstext 2000/06/29 v2.01 AMS text

(/usr/local/texlive/2020/texmf-dist/tex/latex/amsmath/amsgen.sty
File: amsgen.sty 1999/11/30 v2.0 generic functions
\@emptytoks=\toks33
\ex@=\dimen266
))
(/usr/local/texlive/2020/texmf-dist/tex/latex/amsmath/amsbsy.sty
Package: amsbsy 1999/11/29 v1.2d Bold Symbols
\pmbraise@=\dimen267
)
(/usr/local/texlive/2020/texmf-dist/tex/latex/amsmath/amsopn.sty
Package: amsopn 2016/03/08 v2.02 operator names
)
\inf@bad=\count297
LaTeX Info: Redefining \frac on input line 227.
\uproot@=\count298
\leftroot@=\count299
LaTeX Info: Redefining \overline on input line 389.
\classnum@=\count300
\DOTSCASE@=\count301
LaTeX Info: Redefining \ldots on input line 486.
LaTeX Info: Redefining \dots on input line 489.
LaTeX Info: Redefining \cdots on input line 610.
\Mathstrutbox@=\box71
\strutbox@=\box72
\big@size=\dimen268
LaTeX Font Info:    Redeclaring font encoding OML on input line 733.
LaTeX Font Info:    Redeclaring font encoding OMS on input line 734.
\macc@depth=\count302
\c@MaxMatrixCols=\count303
\dotsspace@=\muskip17
\c@parentequation=\count304
\dspbrk@lvl=\count305
\tag@help=\toks34
\row@=\count306
\column@=\count307
\maxfields@=\count308
\andhelp@=\toks35
\eqnshift@=\dimen269
\alignsep@=\dimen270
\tagshift@=\dimen271
\tagwidth@=\dimen272
\totwidth@=\dimen273
\lineht@=\dimen274
\@envbody=\toks36
\multlinegap=\skip58
\multlinetaggap=\skip59
\mathdisplay@stack=\toks37
LaTeX Info: Redefining \[ on input line 2859.
LaTeX Info: Redefining \] on input line 2860.
)
(/usr/local/texlive/2020/texmf-dist/tex/latex/amscls/amsthm.sty
Package: amsthm 2017/10/31 v2.20.4
\thm@style=\toks38
\thm@bodyfont=\toks39
\thm@headfont=\toks40
\thm@notefont=\toks41
\thm@headpunct=\toks42
\thm@preskip=\skip60
\thm@postskip=\skip61
\thm@headsep=\skip62
\dth@everypar=\toks43
)
\c@theorem=\count309
)
(/usr/local/texlive/2020/texmf-dist/tex/latex/beamer/beamerbasethemes.sty))
(/usr/local/texlive/2020/texmf-dist/tex/latex/beamer/beamerthemedefault.sty
(/usr/local/texlive/2020/texmf-dist/tex/latex/beamer/beamerfontthemedefault.sty
)
(/usr/local/texlive/2020/texmf-dist/tex/latex/beamer/beamercolorthemedefault.st
y)
(/usr/local/texlive/2020/texmf-dist/tex/latex/beamer/beamerinnerthemedefault.st
y
\beamer@dima=\dimen275
\beamer@dimb=\dimen276
)
(/usr/local/texlive/2020/texmf-dist/tex/latex/beamer/beamerouterthemedefault.st
y))) (/usr/local/texlive/2020/texmf-dist/tex/generic/babel/babel.sty
Package: babel 2020/03/22 3.42 The Babel package

(/usr/local/texlive/2020/texmf-dist/tex/generic/babel/switch.def
File: switch.def 2020/03/22 3.42 Babel switching mechanism
)
(/usr/local/texlive/2020/texmf-dist/tex/generic/babel-spanish/spanish.ldf
Language: spanish.ldf 2016/03/03 v5.0p Spanish support from the babel system

(/usr/local/texlive/2020/texmf-dist/tex/generic/babel/babel.def
File: babel.def 2020/03/22 3.42 Babel common definitions
\babel@savecnt=\count310
\U@D=\dimen277

(/usr/local/texlive/2020/texmf-dist/tex/generic/babel/txtbabel.def)
\bbl@readstream=\read3
LaTeX Info: Redefining \textlatin on input line 2435.
\bbl@dirlevel=\count311
)
\es@quottoks=\toks44
\es@quotdepth=\count312
Package babel Info: Making " an active character on input line 561.
Package babel Info: Making . an active character on input line 662.
Package babel Info: Making < an active character on input line 707.
Package babel Info: Making > an active character on input line 707.
))
(/usr/local/texlive/2020/texmf-dist/tex/latex/beamer/beamerthemeDresden.sty
(/usr/local/texlive/2020/texmf-dist/tex/latex/beamer/beamerouterthememiniframes
.sty)
(/usr/local/texlive/2020/texmf-dist/tex/latex/beamer/beamercolorthemewhale.sty)
) (/usr/local/texlive/2020/texmf-dist/tex/latex/base/inputenc.sty
Package: inputenc 2018/08/11 v1.3c Input encoding file
\inpenc@prehook=\toks45
\inpenc@posthook=\toks46
)
(/usr/local/texlive/2020/texmf-dist/tex/latex/bbding/bbding.sty
Package: bbding 1999/04/15 v1.01 Dingbats symbols
)
(/usr/local/texlive/2020/texmf-dist/tex/generic/xypic/xy.sty
(/usr/local/texlive/2020/texmf-dist/tex/generic/xypic/xy.tex Bootstrap'ing:
catcodes, docmode,
(/usr/local/texlive/2020/texmf-dist/tex/generic/xypic/xyrecat.tex)
(/usr/local/texlive/2020/texmf-dist/tex/generic/xypic/xyidioms.tex)

 Xy-pic version 3.8.9 <2013/10/06>
 Copyright (c) 1991-2013 by Kristoffer H. Rose <krisrose@tug.org> and others
 Xy-pic is free software: see the User's Guide for details.

Loading kernel: messages; fonts; allocations: state,
\X@c=\dimen278
\Y@c=\dimen279
\U@c=\dimen280
\D@c=\dimen281
\L@c=\dimen282
\R@c=\dimen283
\Edge@c=\toks47
\X@p=\dimen284
\Y@p=\dimen285
\U@p=\dimen286
\D@p=\dimen287
\L@p=\dimen288
\R@p=\dimen289
\Edge@p=\toks48
\X@origin=\dimen290
\Y@origin=\dimen291
\X@xbase=\dimen292
\Y@xbase=\dimen293
\X@ybase=\dimen294
\Y@ybase=\dimen295
\X@min=\dimen296
\Y@min=\dimen297
\X@max=\dimen298
\Y@max=\dimen299
\lastobjectbox@=\box73
\zerodotbox@=\box74
\almostz@=\dimen300
 direction,
\d@X=\dimen301
\d@Y=\dimen302
\K@=\count313
\KK@=\count314
\Direction=\count315
\K@dXdY=\dimen303
\K@dYdX=\dimen304
\xyread@=\read4
\xywrite@=\write5
\csp@=\count316
\quotPTK@=\dimen305

utility macros; pictures: \xy, positions,
\swaptoks@@=\toks49
\connectobjectbox@@=\box75
 objects,
\styletoks@=\toks50
 decorations;
kernel objects: directionals, circles, text; options; algorithms: directions,
edges, connections;  Xy-pic loaded)
Package: xy 2013/10/06 Xy-pic version 3.8.9

(/usr/local/texlive/2020/texmf-dist/tex/generic/xypic/xyall.tex
 Xy-pic option: All features v.3.8
(/usr/local/texlive/2020/texmf-dist/tex/generic/xypic/xycurve.tex
 Xy-pic option: Curve and Spline extension v.3.12 curve,
\crv@cnt@=\count317
\crvpts@=\toks51
\splinebox@=\box76
\splineval@=\dimen306
\splinedepth@=\dimen307
\splinetol@=\dimen308
\splinelength@=\dimen309
 circles,
\L@=\dimen310
 loaded)
(/usr/local/texlive/2020/texmf-dist/tex/generic/xypic/xyframe.tex
 Xy-pic option: Frame and Bracket extension v.3.14 loaded)
(/usr/local/texlive/2020/texmf-dist/tex/generic/xypic/xycmtip.tex
 Xy-pic option: Computer Modern tip extension v.3.7
(/usr/local/texlive/2020/texmf-dist/tex/generic/xypic/xytips.tex
 Xy-pic option: More Tips extension v.3.11 loaded) loaded)
(/usr/local/texlive/2020/texmf-dist/tex/generic/xypic/xyline.tex
 Xy-pic option: Line styles extension v.3.10
\xylinethick@=\dimen311
 loaded)
(/usr/local/texlive/2020/texmf-dist/tex/generic/xypic/xyrotate.tex
 Xy-pic option: Rotate and Scale extension v.3.8 loaded)
(/usr/local/texlive/2020/texmf-dist/tex/generic/xypic/xycolor.tex
 Xy-pic option: Colour extension v.3.11 loaded)
(/usr/local/texlive/2020/texmf-dist/tex/generic/xypic/xymatrix.tex
 Xy-pic option: Matrix feature v.3.14
\Row=\count318
\Col=\count319
\queue@=\toks52
\queue@@=\toks53
\qcount@=\count320
\qcount@@=\count321
\matrixsize@=\count322
 loaded)
(/usr/local/texlive/2020/texmf-dist/tex/generic/xypic/xyarrow.tex
 Xy-pic option: Arrow and Path feature v.3.9 path, \ar, loaded)
(/usr/local/texlive/2020/texmf-dist/tex/generic/xypic/xygraph.tex
 Xy-pic option: Graph feature v.3.11 loaded) loaded)
(/usr/local/texlive/2020/texmf-dist/tex/generic/xypic/xypdf.tex
 Xy-pic option: PDF driver v.1.7 Xy-pic pdf driver: `color' extension support
(/usr/local/texlive/2020/texmf-dist/tex/generic/xypic/xypdf-co.tex loaded)
Xy-pic pdf driver: `curve' extension support
(/usr/local/texlive/2020/texmf-dist/tex/generic/xypic/xypdf-cu.tex loaded)
Xy-pic pdf driver: `frame' extension support
(/usr/local/texlive/2020/texmf-dist/tex/generic/xypic/xypdf-fr.tex loaded)
Xy-pic pdf driver: `line' extension support
(/usr/local/texlive/2020/texmf-dist/tex/generic/xypic/xypdf-li.tex loaded)
Xy-pic pdf driver: `rotate' extension support
(/usr/local/texlive/2020/texmf-dist/tex/generic/xypic/xypdf-ro.tex loaded)
loaded))
(/usr/local/texlive/2020/texmf-dist/tex/latex/pgf/frontendlayer/tikz.sty
(/usr/local/texlive/2020/texmf-dist/tex/latex/pgf/basiclayer/pgf.sty
Package: pgf 2020/01/08 v3.1.5b (3.1.5b)

(/usr/local/texlive/2020/texmf-dist/tex/generic/pgf/modules/pgfmoduleshapes.cod
e.tex
File: pgfmoduleshapes.code.tex 2020/01/08 v3.1.5b (3.1.5b)
\pgfnodeparttextbox=\box77
)
(/usr/local/texlive/2020/texmf-dist/tex/generic/pgf/modules/pgfmoduleplot.code.
tex
File: pgfmoduleplot.code.tex 2020/01/08 v3.1.5b (3.1.5b)
)
(/usr/local/texlive/2020/texmf-dist/tex/latex/pgf/compatibility/pgfcomp-version
-0-65.sty
Package: pgfcomp-version-0-65 2020/01/08 v3.1.5b (3.1.5b)
\pgf@nodesepstart=\dimen312
\pgf@nodesepend=\dimen313
)
(/usr/local/texlive/2020/texmf-dist/tex/latex/pgf/compatibility/pgfcomp-version
-1-18.sty
Package: pgfcomp-version-1-18 2020/01/08 v3.1.5b (3.1.5b)
))
(/usr/local/texlive/2020/texmf-dist/tex/latex/pgf/utilities/pgffor.sty
(/usr/local/texlive/2020/texmf-dist/tex/latex/pgf/utilities/pgfkeys.sty
(/usr/local/texlive/2020/texmf-dist/tex/generic/pgf/utilities/pgfkeys.code.tex)
) (/usr/local/texlive/2020/texmf-dist/tex/latex/pgf/math/pgfmath.sty
(/usr/local/texlive/2020/texmf-dist/tex/generic/pgf/math/pgfmath.code.tex))
(/usr/local/texlive/2020/texmf-dist/tex/generic/pgf/utilities/pgffor.code.tex
Package: pgffor 2020/01/08 v3.1.5b (3.1.5b)

(/usr/local/texlive/2020/texmf-dist/tex/generic/pgf/math/pgfmath.code.tex)
\pgffor@iter=\dimen314
\pgffor@skip=\dimen315
\pgffor@stack=\toks54
\pgffor@toks=\toks55
))
(/usr/local/texlive/2020/texmf-dist/tex/generic/pgf/frontendlayer/tikz/tikz.cod
e.tex
Package: tikz 2020/01/08 v3.1.5b (3.1.5b)

(/usr/local/texlive/2020/texmf-dist/tex/generic/pgf/libraries/pgflibraryplothan
dlers.code.tex
File: pgflibraryplothandlers.code.tex 2020/01/08 v3.1.5b (3.1.5b)
\pgf@plot@mark@count=\count323
\pgfplotmarksize=\dimen316
)
\tikz@lastx=\dimen317
\tikz@lasty=\dimen318
\tikz@lastxsaved=\dimen319
\tikz@lastysaved=\dimen320
\tikz@lastmovetox=\dimen321
\tikz@lastmovetoy=\dimen322
\tikzleveldistance=\dimen323
\tikzsiblingdistance=\dimen324
\tikz@figbox=\box78
\tikz@figbox@bg=\box79
\tikz@tempbox=\box80
\tikz@tempbox@bg=\box81
\tikztreelevel=\count324
\tikznumberofchildren=\count325
\tikznumberofcurrentchild=\count326
\tikz@fig@count=\count327

(/usr/local/texlive/2020/texmf-dist/tex/generic/pgf/modules/pgfmodulematrix.cod
e.tex
File: pgfmodulematrix.code.tex 2020/01/08 v3.1.5b (3.1.5b)
\pgfmatrixcurrentrow=\count328
\pgfmatrixcurrentcolumn=\count329
\pgf@matrix@numberofcolumns=\count330
)
\tikz@expandcount=\count331

(/usr/local/texlive/2020/texmf-dist/tex/generic/pgf/frontendlayer/tikz/librarie
s/tikzlibrarytopaths.code.tex
File: tikzlibrarytopaths.code.tex 2020/01/08 v3.1.5b (3.1.5b)
)))
(/usr/local/texlive/2020/texmf-dist/tex/latex/l3backend/l3backend-pdfmode.def
File: l3backend-pdfmode.def 2020-03-12 L3 backend support: PDF mode
\l__kernel_color_stack_int=\count332
\l__pdf_internal_box=\box82
)
(./teaser.aux
LaTeX Info: Redefining \. on input line 24.
LaTeX Info: Redefining \% on input line 24.
)
\openout1 = `teaser.aux'.

LaTeX Font Info:    Checking defaults for OML/cmm/m/it on input line 23.
LaTeX Font Info:    ... okay on input line 23.
LaTeX Font Info:    Checking defaults for OMS/cmsy/m/n on input line 23.
LaTeX Font Info:    ... okay on input line 23.
LaTeX Font Info:    Checking defaults for OT1/cmr/m/n on input line 23.
LaTeX Font Info:    ... okay on input line 23.
LaTeX Font Info:    Checking defaults for T1/cmr/m/n on input line 23.
LaTeX Font Info:    ... okay on input line 23.
LaTeX Font Info:    Checking defaults for TS1/cmr/m/n on input line 23.
LaTeX Font Info:    ... okay on input line 23.
LaTeX Font Info:    Checking defaults for OMX/cmex/m/n on input line 23.
LaTeX Font Info:    ... okay on input line 23.
LaTeX Font Info:    Checking defaults for U/cmr/m/n on input line 23.
LaTeX Font Info:    ... okay on input line 23.
LaTeX Font Info:    Checking defaults for PD1/pdf/m/n on input line 23.
LaTeX Font Info:    ... okay on input line 23.

*geometry* driver: auto-detecting
*geometry* detected driver: pdftex
*geometry* verbose mode - [ preamble ] result:
* driver: pdftex
* paper: custom
* layout: <same size as paper>
* layoutoffset:(h,v)=(0.0pt,0.0pt)
* modes: includehead includefoot 
* h-part:(L,W,R)=(28.45274pt, 307.28987pt, 28.45274pt)
* v-part:(T,H,B)=(0.0pt, 273.14662pt, 0.0pt)
* \paperwidth=364.19536pt
* \paperheight=273.14662pt
* \textwidth=307.28987pt
* \textheight=244.6939pt
* \oddsidemargin=-43.81725pt
* \evensidemargin=-43.81725pt
* \topmargin=-72.26999pt
* \headheight=14.22636pt
* \headsep=0.0pt
* \topskip=11.0pt
* \footskip=14.22636pt
* \marginparwidth=4.0pt
* \marginparsep=10.0pt
* \columnsep=10.0pt
* \skip\footins=10.0pt plus 4.0pt minus 2.0pt
* \hoffset=0.0pt
* \voffset=0.0pt
* \mag=1000
* \@twocolumnfalse
* \@twosidefalse
* \@mparswitchfalse
* \@reversemarginfalse
* (1in=72.27pt=25.4mm, 1cm=28.453pt)

(/usr/local/texlive/2020/texmf-dist/tex/context/base/mkii/supp-pdf.mkii
[Loading MPS to PDF converter (version 2006.09.02).]
\scratchcounter=\count333
\scratchdimen=\dimen325
\scratchbox=\box83
\nofMPsegments=\count334
\nofMParguments=\count335
\everyMPshowfont=\toks56
\MPscratchCnt=\count336
\MPscratchDim=\dimen326
\MPnumerator=\count337
\makeMPintoPDFobject=\count338
\everyMPtoPDFconversion=\toks57
) (/usr/local/texlive/2020/texmf-dist/tex/latex/epstopdf-pkg/epstopdf-base.sty
Package: epstopdf-base 2020-01-24 v2.11 Base part for package epstopdf
Package epstopdf-base Info: Redefining graphics rule for `.eps' on input line 4
85.

(/usr/local/texlive/2020/texmf-dist/tex/latex/latexconfig/epstopdf-sys.cfg
File: epstopdf-sys.cfg 2010/07/13 v1.3 Configuration of (r)epstopdf for TeX Liv
e
))
ABD: EveryShipout initializing macros
\AtBeginShipoutBox=\box84
Package hyperref Info: Link coloring OFF on input line 23.

(/usr/local/texlive/2020/texmf-dist/tex/latex/hyperref/nameref.sty
Package: nameref 2019/09/16 v2.46 Cross-referencing by name of section

(/usr/local/texlive/2020/texmf-dist/tex/latex/refcount/refcount.sty
Package: refcount 2019/12/15 v3.6 Data extraction from label references (HO)
)
(/usr/local/texlive/2020/texmf-dist/tex/generic/gettitlestring/gettitlestring.s
ty
Package: gettitlestring 2019/12/15 v1.6 Cleanup title references (HO)
)
\c@section@level=\count339
)
LaTeX Info: Redefining \ref on input line 23.
LaTeX Info: Redefining \pageref on input line 23.
LaTeX Info: Redefining \nameref on input line 23.
 (./teaser.out) (./teaser.out)
\@outlinefile=\write6
\openout6 = `teaser.out'.

LaTeX Font Info:    Overwriting symbol font `operators' in version `normal'
(Font)                  OT1/cmr/m/n --> OT1/cmss/m/n on input line 23.
LaTeX Font Info:    Overwriting symbol font `operators' in version `bold'
(Font)                  OT1/cmr/bx/n --> OT1/cmss/b/n on input line 23.
\symnumbers=\mathgroup6
\sympureletters=\mathgroup7
LaTeX Font Info:    Overwriting math alphabet `\mathrm' in version `normal'
(Font)                  OT1/cmss/m/n --> OT1/cmr/m/n on input line 23.
LaTeX Font Info:    Redeclaring math alphabet \mathbf on input line 23.
LaTeX Font Info:    Overwriting math alphabet `\mathbf' in version `normal'
(Font)                  OT1/cmr/bx/n --> OT1/cmss/b/n on input line 23.
LaTeX Font Info:    Overwriting math alphabet `\mathbf' in version `bold'
(Font)                  OT1/cmr/bx/n --> OT1/cmss/b/n on input line 23.
LaTeX Font Info:    Redeclaring math alphabet \mathsf on input line 23.
LaTeX Font Info:    Overwriting math alphabet `\mathsf' in version `normal'
(Font)                  OT1/cmss/m/n --> OT1/cmss/m/n on input line 23.
LaTeX Font Info:    Overwriting math alphabet `\mathsf' in version `bold'
(Font)                  OT1/cmss/bx/n --> OT1/cmss/m/n on input line 23.
LaTeX Font Info:    Redeclaring math alphabet \mathit on input line 23.
LaTeX Font Info:    Overwriting math alphabet `\mathit' in version `normal'
(Font)                  OT1/cmr/m/it --> OT1/cmss/m/it on input line 23.
LaTeX Font Info:    Overwriting math alphabet `\mathit' in version `bold'
(Font)                  OT1/cmr/bx/it --> OT1/cmss/m/it on input line 23.
LaTeX Font Info:    Redeclaring math alphabet \mathtt on input line 23.
LaTeX Font Info:    Overwriting math alphabet `\mathtt' in version `normal'
(Font)                  OT1/cmtt/m/n --> OT1/cmtt/m/n on input line 23.
LaTeX Font Info:    Overwriting math alphabet `\mathtt' in version `bold'
(Font)                  OT1/cmtt/m/n --> OT1/cmtt/m/n on input line 23.
LaTeX Font Info:    Overwriting symbol font `numbers' in version `bold'
(Font)                  OT1/cmss/m/n --> OT1/cmss/b/n on input line 23.
LaTeX Font Info:    Overwriting symbol font `pureletters' in version `bold'
(Font)                  OT1/cmss/m/it --> OT1/cmss/b/it on input line 23.
LaTeX Font Info:    Overwriting math alphabet `\mathrm' in version `bold'
(Font)                  OT1/cmss/b/n --> OT1/cmr/b/n on input line 23.
LaTeX Font Info:    Overwriting math alphabet `\mathbf' in version `bold'
(Font)                  OT1/cmss/b/n --> OT1/cmss/b/n on input line 23.
LaTeX Font Info:    Overwriting math alphabet `\mathsf' in version `bold'
(Font)                  OT1/cmss/m/n --> OT1/cmss/b/n on input line 23.
LaTeX Font Info:    Overwriting math alphabet `\mathit' in version `bold'
(Font)                  OT1/cmss/m/it --> OT1/cmss/b/it on input line 23.
LaTeX Font Info:    Overwriting math alphabet `\mathtt' in version `bold'
(Font)                  OT1/cmtt/m/n --> OT1/cmtt/b/n on input line 23.
LaTeX Font Info:    Redeclaring symbol font `pureletters' on input line 23.
LaTeX Font Info:    Overwriting symbol font `pureletters' in version `normal'
(Font)                  OT1/cmss/m/it --> OT1/mathkerncmss/m/sl on input line 2
3.
LaTeX Font Info:    Overwriting symbol font `pureletters' in version `bold'
(Font)                  OT1/cmss/b/it --> OT1/mathkerncmss/m/sl on input line 2
3.
LaTeX Font Info:    Overwriting symbol font `pureletters' in version `bold'
(Font)                  OT1/mathkerncmss/m/sl --> OT1/mathkerncmss/bx/sl on inp
ut line 23.

(/usr/local/texlive/2020/texmf-dist/tex/latex/translator/translator-basic-dicti
onary-English.dict
Dictionary: translator-basic-dictionary, Language: English 
)
(/usr/local/texlive/2020/texmf-dist/tex/latex/translator/translator-bibliograph
y-dictionary-English.dict
Dictionary: translator-bibliography-dictionary, Language: English 
)
(/usr/local/texlive/2020/texmf-dist/tex/latex/translator/translator-environment
-dictionary-English.dict
Dictionary: translator-environment-dictionary, Language: English 
)
(/usr/local/texlive/2020/texmf-dist/tex/latex/translator/translator-months-dict
ionary-English.dict
Dictionary: translator-months-dictionary, Language: English 
)
(/usr/local/texlive/2020/texmf-dist/tex/latex/translator/translator-numbers-dic
tionary-English.dict
Dictionary: translator-numbers-dictionary, Language: English 
)
(/usr/local/texlive/2020/texmf-dist/tex/latex/translator/translator-theorem-dic
tionary-English.dict
Dictionary: translator-theorem-dictionary, Language: English 
)
LaTeX Info: Redefining \. on input line 23.
LaTeX Info: Redefining \% on input line 23.
LaTeX Font Info:    Trying to load font information for U+msa on input line 23.


(/usr/local/texlive/2020/texmf-dist/tex/latex/amsfonts/umsa.fd
File: umsa.fd 2013/01/14 v3.01 AMS symbols A
)
LaTeX Font Info:    Trying to load font information for U+msb on input line 23.


(/usr/local/texlive/2020/texmf-dist/tex/latex/amsfonts/umsb.fd
File: umsb.fd 2013/01/14 v3.01 AMS symbols B
)
LaTeX Font Info:    Trying to load font information for OT1+mathkerncmss on inp
ut line 23.

(/usr/local/texlive/2020/texmf-dist/tex/latex/sansmathaccent/ot1mathkerncmss.fd
File: ot1mathkerncmss.fd 2020/01/31 Fontinst v1.933 font definitions for OT1/ma
thkerncmss.
)
Package xypdf Info: Line width: 0.43799pt on input line 23.
 (./teaser.nav)
<imagenes/Macc.png, id=59, 557.08125pt x 95.35625pt>
File: imagenes/Macc.png Graphic file (type png)
<use imagenes/Macc.png>
Package pdftex.def Info: imagenes/Macc.png  used on input line 27.
(pdftex.def)             Requested size: 83.55858pt x 14.30281pt.
 [1{/usr/local/texlive/2020/texmf-var/fonts/map/pdftex/updmap/pdftex.map}

 <./imagenes/Macc.png>] (./teaser.toc
LaTeX Info: Redefining \. on input line 1.
LaTeX Info: Redefining \% on input line 1.
)
File: imagenes/Macc.png Graphic file (type png)
<use imagenes/Macc.png>
Package pdftex.def Info: imagenes/Macc.png  used on input line 31.
(pdftex.def)             Requested size: 83.55858pt x 14.30281pt.
 [2

] (./teaser.toc
LaTeX Info: Redefining \. on input line 1.
LaTeX Info: Redefining \% on input line 1.
)
File: imagenes/Macc.png Graphic file (type png)
<use imagenes/Macc.png>
Package pdftex.def Info: imagenes/Macc.png  used on input line 41.
(pdftex.def)             Requested size: 83.55858pt x 14.30281pt.
 [3

]
File: imagenes/Macc.png Graphic file (type png)
<use imagenes/Macc.png>
Package pdftex.def Info: imagenes/Macc.png  used on input line 56.
(pdftex.def)             Requested size: 83.55858pt x 14.30281pt.

[4

]
<imagenes/kasparov_vs_deep_blue.jpg, id=301, 983.675pt x 658.46pt>
File: imagenes/kasparov_vs_deep_blue.jpg Graphic file (type jpg)
<use imagenes/kasparov_vs_deep_blue.jpg>
Package pdftex.def Info: imagenes/kasparov_vs_deep_blue.jpg  used on input line
 91.
(pdftex.def)             Requested size: 98.37326pt x 65.84985pt.
<imagenes/Kasparov_on_chess_ia.png, id=303, 602.25pt x 429.605pt>
File: imagenes/Kasparov_on_chess_ia.png Graphic file (type png)
<use imagenes/Kasparov_on_chess_ia.png>
Package pdftex.def Info: imagenes/Kasparov_on_chess_ia.png  used on input line 
91.
(pdftex.def)             Requested size: 150.56212pt x 107.40099pt.
<imagenes/alpha_zero.jpeg, id=304, 301.125pt x 168.63pt>
File: imagenes/alpha_zero.jpeg Graphic file (type jpg)
<use imagenes/alpha_zero.jpeg>
Package pdftex.def Info: imagenes/alpha_zero.jpeg  used on input line 91.
(pdftex.def)             Requested size: 120.44786pt x 67.45079pt.
File: imagenes/Macc.png Graphic file (type png)
<use imagenes/Macc.png>
Package pdftex.def Info: imagenes/Macc.png  used on input line 91.
(pdftex.def)             Requested size: 83.55858pt x 14.30281pt.
 [5

 <./imagenes/kasparov_vs_deep_blue.jpg> <./imagenes/Kasparov_on_chess_ia.png> <
./imagenes/alpha_zero.jpeg>]
File: imagenes/kasparov_vs_deep_blue.jpg Graphic file (type jpg)
<use imagenes/kasparov_vs_deep_blue.jpg>
Package pdftex.def Info: imagenes/kasparov_vs_deep_blue.jpg  used on input line
 91.
(pdftex.def)             Requested size: 98.37326pt x 65.84985pt.
File: imagenes/Kasparov_on_chess_ia.png Graphic file (type png)
<use imagenes/Kasparov_on_chess_ia.png>
Package pdftex.def Info: imagenes/Kasparov_on_chess_ia.png  used on input line 
91.
(pdftex.def)             Requested size: 150.56212pt x 107.40099pt.
File: imagenes/alpha_zero.jpeg Graphic file (type jpg)
<use imagenes/alpha_zero.jpeg>
Package pdftex.def Info: imagenes/alpha_zero.jpeg  used on input line 91.
(pdftex.def)             Requested size: 120.44786pt x 67.45079pt.
File: imagenes/Macc.png Graphic file (type png)
<use imagenes/Macc.png>
Package pdftex.def Info: imagenes/Macc.png  used on input line 91.
(pdftex.def)             Requested size: 83.55858pt x 14.30281pt.
 [6

]
File: imagenes/kasparov_vs_deep_blue.jpg Graphic file (type jpg)
<use imagenes/kasparov_vs_deep_blue.jpg>
Package pdftex.def Info: imagenes/kasparov_vs_deep_blue.jpg  used on input line
 91.
(pdftex.def)             Requested size: 98.37326pt x 65.84985pt.
File: imagenes/Kasparov_on_chess_ia.png Graphic file (type png)
<use imagenes/Kasparov_on_chess_ia.png>
Package pdftex.def Info: imagenes/Kasparov_on_chess_ia.png  used on input line 
91.
(pdftex.def)             Requested size: 150.56212pt x 107.40099pt.
File: imagenes/alpha_zero.jpeg Graphic file (type jpg)
<use imagenes/alpha_zero.jpeg>
Package pdftex.def Info: imagenes/alpha_zero.jpeg  used on input line 91.
(pdftex.def)             Requested size: 120.44786pt x 67.45079pt.
File: imagenes/Macc.png Graphic file (type png)
<use imagenes/Macc.png>
Package pdftex.def Info: imagenes/Macc.png  used on input line 91.
(pdftex.def)             Requested size: 83.55858pt x 14.30281pt.
 [7

]
<imagenes/turing-test.jpg, id=463, 528.47438pt x 331.2375pt>
File: imagenes/turing-test.jpg Graphic file (type jpg)
<use imagenes/turing-test.jpg>
Package pdftex.def Info: imagenes/turing-test.jpg  used on input line 98.
(pdftex.def)             Requested size: 264.23654pt x 165.61833pt.
File: imagenes/Macc.png Graphic file (type png)
<use imagenes/Macc.png>
Package pdftex.def Info: imagenes/Macc.png  used on input line 98.
(pdftex.def)             Requested size: 83.55858pt x 14.30281pt.
 [8

 <./imagenes/turing-test.jpg>]
(./teaser.toc
LaTeX Info: Redefining \. on input line 1.
LaTeX Info: Redefining \% on input line 1.
)
File: imagenes/Macc.png Graphic file (type png)
<use imagenes/Macc.png>
Package pdftex.def Info: imagenes/Macc.png  used on input line 101.
(pdftex.def)             Requested size: 83.55858pt x 14.30281pt.
 [9

]
File: imagenes/Macc.png Graphic file (type png)
<use imagenes/Macc.png>
Package pdftex.def Info: imagenes/Macc.png  used on input line 147.
(pdftex.def)             Requested size: 83.55858pt x 14.30281pt.
 [10

]
File: imagenes/Macc.png Graphic file (type png)
<use imagenes/Macc.png>
Package pdftex.def Info: imagenes/Macc.png  used on input line 147.
(pdftex.def)             Requested size: 83.55858pt x 14.30281pt.
 [11

]
File: imagenes/Macc.png Graphic file (type png)
<use imagenes/Macc.png>
Package pdftex.def Info: imagenes/Macc.png  used on input line 147.
(pdftex.def)             Requested size: 83.55858pt x 14.30281pt.
 [12

]
File: imagenes/Macc.png Graphic file (type png)
<use imagenes/Macc.png>
Package pdftex.def Info: imagenes/Macc.png  used on input line 147.
(pdftex.def)             Requested size: 83.55858pt x 14.30281pt.
 [13

]
File: imagenes/Macc.png Graphic file (type png)
<use imagenes/Macc.png>
Package pdftex.def Info: imagenes/Macc.png  used on input line 147.
(pdftex.def)             Requested size: 83.55858pt x 14.30281pt.
 [14

]
File: imagenes/Macc.png Graphic file (type png)
<use imagenes/Macc.png>
Package pdftex.def Info: imagenes/Macc.png  used on input line 147.
(pdftex.def)             Requested size: 83.55858pt x 14.30281pt.
 [15

]
File: imagenes/Macc.png Graphic file (type png)
<use imagenes/Macc.png>
Package pdftex.def Info: imagenes/Macc.png  used on input line 147.
(pdftex.def)             Requested size: 83.55858pt x 14.30281pt.
 [16

] (./teaser.toc
LaTeX Info: Redefining \. on input line 1.
LaTeX Info: Redefining \% on input line 1.
)
File: imagenes/Macc.png Graphic file (type png)
<use imagenes/Macc.png>
Package pdftex.def Info: imagenes/Macc.png  used on input line 149.
(pdftex.def)             Requested size: 83.55858pt x 14.30281pt.
 [17

]
<imagenes/Leibniz.jpeg, id=988, 266.9975pt x 190.7125pt>
File: imagenes/Leibniz.jpeg Graphic file (type jpg)
<use imagenes/Leibniz.jpeg>
Package pdftex.def Info: imagenes/Leibniz.jpeg  used on input line 155.
(pdftex.def)             Requested size: 120.14775pt x 85.81982pt.
<imagenes/Boole.jpg, id=989, 240.9pt x 273.02pt>
File: imagenes/Boole.jpg Graphic file (type jpg)
<use imagenes/Boole.jpg>
Package pdftex.def Info: imagenes/Boole.jpg  used on input line 155.
(pdftex.def)             Requested size: 72.27055pt x 81.90663pt.
<imagenes/turing.jpeg, id=990, 197.73875pt x 255.95625pt>
File: imagenes/turing.jpeg Graphic file (type jpg)
<use imagenes/turing.jpeg>
Package pdftex.def Info: imagenes/turing.jpeg  used on input line 155.
(pdftex.def)             Requested size: 69.2096pt x 89.58601pt.
File: imagenes/Macc.png Graphic file (type png)
<use imagenes/Macc.png>
Package pdftex.def Info: imagenes/Macc.png  used on input line 155.
(pdftex.def)             Requested size: 83.55858pt x 14.30281pt.

[18

 <./imagenes/Leibniz.jpeg> <./imagenes/Boole.jpg> <./imagenes/turing.jpeg>]
<imagenes/darmouth_conference.png, id=1042, 1003.75pt x 634.37pt>
File: imagenes/darmouth_conference.png Graphic file (type png)
<use imagenes/darmouth_conference.png>
Package pdftex.def Info: imagenes/darmouth_conference.png  used on input line 1
82.
(pdftex.def)             Requested size: 150.556pt x 95.15138pt.

Overfull \hbox (12.2765pt too wide) in paragraph at lines 182--182
 [] 
 []

<imagenes/Chomsky.jpeg, id=1043, 187.70125pt x 271.0125pt>
File: imagenes/Chomsky.jpeg Graphic file (type jpg)
<use imagenes/Chomsky.jpeg>
Package pdftex.def Info: imagenes/Chomsky.jpeg  used on input line 182.
(pdftex.def)             Requested size: 31.90878pt x 46.0715pt.
<imagenes/Miller.png, id=1044, 134.5025pt x 158.5925pt>
File: imagenes/Miller.png Graphic file (type png)
<use imagenes/Miller.png>
Package pdftex.def Info: imagenes/Miller.png  used on input line 182.
(pdftex.def)             Requested size: 37.66043pt x 44.40558pt.
File: imagenes/Macc.png Graphic file (type png)
<use imagenes/Macc.png>
Package pdftex.def Info: imagenes/Macc.png  used on input line 182.
(pdftex.def)             Requested size: 83.55858pt x 14.30281pt.
[19

 <./imagenes/darmouth_conference.png (PNG copy)> <./imagenes/Chomsky.jpeg> <./i
magenes/Miller.png>]
<imagenes/micromundos.png, id=1097, 637.38126pt x 372.39125pt>
File: imagenes/micromundos.png Graphic file (type png)
<use imagenes/micromundos.png>
Package pdftex.def Info: imagenes/micromundos.png  used on input line 202.
(pdftex.def)             Requested size: 127.47398pt x 74.47693pt.
File: imagenes/Macc.png Graphic file (type png)
<use imagenes/Macc.png>
Package pdftex.def Info: imagenes/Macc.png  used on input line 202.
(pdftex.def)             Requested size: 83.55858pt x 14.30281pt.
 [20

 <./imagenes/micromundos.png>]
File: imagenes/Macc.png Graphic file (type png)
<use imagenes/Macc.png>
Package pdftex.def Info: imagenes/Macc.png  used on input line 213.
(pdftex.def)             Requested size: 83.55858pt x 14.30281pt.
 [21

] (./teaser.toc
LaTeX Info: Redefining \. on input line 1.
LaTeX Info: Redefining \% on input line 1.
)
File: imagenes/Macc.png Graphic file (type png)
<use imagenes/Macc.png>
Package pdftex.def Info: imagenes/Macc.png  used on input line 216.
(pdftex.def)             Requested size: 83.55858pt x 14.30281pt.

[22

]
<imagenes/c3po.jpg, id=1258, 511.9125pt x 341.275pt>
File: imagenes/c3po.jpg Graphic file (type jpg)
<use imagenes/c3po.jpg>
Package pdftex.def Info: imagenes/c3po.jpg  used on input line 230.
(pdftex.def)             Requested size: 102.38068pt x 68.25378pt.
File: imagenes/Macc.png Graphic file (type png)
<use imagenes/Macc.png>
Package pdftex.def Info: imagenes/Macc.png  used on input line 230.
(pdftex.def)             Requested size: 83.55858pt x 14.30281pt.
 [23

 <./imagenes/c3po.jpg>]
<imagenes/agente.png, id=1309, 889.3225pt x 457.71pt>
File: imagenes/agente.png Graphic file (type png)
<use imagenes/agente.png>
Package pdftex.def Info: imagenes/agente.png  used on input line 255.
(pdftex.def)             Requested size: 177.86134pt x 91.54037pt.
LaTeX Font Info:    Trying to load font information for U+ding on input line 25
5.

(/usr/local/texlive/2020/texmf-dist/tex/latex/bbding/Uding.fd
File: Uding.fd 1996/02/01 v1.0 BBding font definitions
)
<imagenes/Tablero1.png, id=1310, 413.545pt x 417.56pt>
File: imagenes/Tablero1.png Graphic file (type png)
<use imagenes/Tablero1.png>
Package pdftex.def Info: imagenes/Tablero1.png  used on input line 255.
(pdftex.def)             Requested size: 62.02907pt x 62.63129pt.
<imagenes/arrow.jpg, id=1311, 1003.75pt x 1084.05pt>
File: imagenes/arrow.jpg Graphic file (type jpg)
<use imagenes/arrow.jpg>
Package pdftex.def Info: imagenes/arrow.jpg  used on input line 255.
(pdftex.def)             Requested size: 30.11119pt x 32.5201pt.
File: imagenes/Macc.png Graphic file (type png)
<use imagenes/Macc.png>
Package pdftex.def Info: imagenes/Macc.png  used on input line 255.
(pdftex.def)             Requested size: 83.55858pt x 14.30281pt.
 [24

 <./imagenes/agente.png> <./imagenes/Tablero1.png> <./imagenes/arrow.jpg>]
File: imagenes/agente.png Graphic file (type png)
<use imagenes/agente.png>
Package pdftex.def Info: imagenes/agente.png  used on input line 255.
(pdftex.def)             Requested size: 177.86134pt x 91.54037pt.
File: imagenes/Tablero1.png Graphic file (type png)
<use imagenes/Tablero1.png>
Package pdftex.def Info: imagenes/Tablero1.png  used on input line 255.
(pdftex.def)             Requested size: 62.02907pt x 62.63129pt.
File: imagenes/arrow.jpg Graphic file (type jpg)
<use imagenes/arrow.jpg>
Package pdftex.def Info: imagenes/arrow.jpg  used on input line 255.
(pdftex.def)             Requested size: 30.11119pt x 32.5201pt.
File: imagenes/Macc.png Graphic file (type png)
<use imagenes/Macc.png>
Package pdftex.def Info: imagenes/Macc.png  used on input line 255.
(pdftex.def)             Requested size: 83.55858pt x 14.30281pt.
 [25

]
File: imagenes/Macc.png Graphic file (type png)
<use imagenes/Macc.png>
Package pdftex.def Info: imagenes/Macc.png  used on input line 284.
(pdftex.def)             Requested size: 83.55858pt x 14.30281pt.
 [26

]
File: imagenes/Macc.png Graphic file (type png)
<use imagenes/Macc.png>
Package pdftex.def Info: imagenes/Macc.png  used on input line 284.
(pdftex.def)             Requested size: 83.55858pt x 14.30281pt.

[27

] (./teaser.toc
LaTeX Info: Redefining \. on input line 1.
LaTeX Info: Redefining \% on input line 1.
)
File: imagenes/Macc.png Graphic file (type png)
<use imagenes/Macc.png>
Package pdftex.def Info: imagenes/Macc.png  used on input line 286.
(pdftex.def)             Requested size: 83.55858pt x 14.30281pt.
 [28

]
<imagenes/ejemplo.png, id=1576, 326.21875pt x 316.18124pt>
File: imagenes/ejemplo.png Graphic file (type png)
<use imagenes/ejemplo.png>
Package pdftex.def Info: imagenes/ejemplo.png  used on input line 331.
(pdftex.def)             Requested size: 179.42085pt x 173.9002pt.

Overfull \hbox (41.14136pt too wide) in paragraph at lines 331--331
[][]
 []


Underfull \hbox (badness 10000) in paragraph at lines 331--331

 []

File: imagenes/Macc.png Graphic file (type png)
<use imagenes/Macc.png>
Package pdftex.def Info: imagenes/Macc.png  used on input line 331.
(pdftex.def)             Requested size: 83.55858pt x 14.30281pt.
[29

 <./imagenes/ejemplo.png>]
File: imagenes/ejemplo.png Graphic file (type png)
<use imagenes/ejemplo.png>
Package pdftex.def Info: imagenes/ejemplo.png  used on input line 331.
(pdftex.def)             Requested size: 120.69904pt x 116.98521pt.
File: imagenes/Macc.png Graphic file (type png)
<use imagenes/Macc.png>
Package pdftex.def Info: imagenes/Macc.png  used on input line 331.
(pdftex.def)             Requested size: 83.55858pt x 14.30281pt.
 [30

]
File: imagenes/ejemplo.png Graphic file (type png)
<use imagenes/ejemplo.png>
Package pdftex.def Info: imagenes/ejemplo.png  used on input line 331.
(pdftex.def)             Requested size: 120.69904pt x 116.98521pt.
LaTeX Font Info:    Trying to load font information for TS1+cmss on input line 
331.

(/usr/local/texlive/2020/texmf-dist/tex/latex/base/ts1cmss.fd
File: ts1cmss.fd 2019/12/16 v2.5j Standard LaTeX font definitions
)
File: imagenes/Macc.png Graphic file (type png)
<use imagenes/Macc.png>
Package pdftex.def Info: imagenes/Macc.png  used on input line 331.
(pdftex.def)             Requested size: 83.55858pt x 14.30281pt.
 [31

]
File: imagenes/ejemplo.png Graphic file (type png)
<use imagenes/ejemplo.png>
Package pdftex.def Info: imagenes/ejemplo.png  used on input line 331.
(pdftex.def)             Requested size: 120.69904pt x 116.98521pt.
File: imagenes/Macc.png Graphic file (type png)
<use imagenes/Macc.png>
Package pdftex.def Info: imagenes/Macc.png  used on input line 331.
(pdftex.def)             Requested size: 83.55858pt x 14.30281pt.
 [32

]
File: imagenes/ejemplo.png Graphic file (type png)
<use imagenes/ejemplo.png>
Package pdftex.def Info: imagenes/ejemplo.png  used on input line 331.
(pdftex.def)             Requested size: 120.69904pt x 116.98521pt.
File: imagenes/Macc.png Graphic file (type png)
<use imagenes/Macc.png>
Package pdftex.def Info: imagenes/Macc.png  used on input line 331.
(pdftex.def)             Requested size: 83.55858pt x 14.30281pt.

[33

]
<imagenes/hero.png, id=1838, 98.3675pt x 161.60374pt>
File: imagenes/hero.png Graphic file (type png)
<use imagenes/hero.png>
Package pdftex.def Info: imagenes/hero.png  used on input line 433.
(pdftex.def)             Requested size: 9.83731pt x 16.16132pt.
File: imagenes/Macc.png Graphic file (type png)
<use imagenes/Macc.png>
Package pdftex.def Info: imagenes/Macc.png  used on input line 433.
(pdftex.def)             Requested size: 83.55858pt x 14.30281pt.
 [34

 <./imagenes/hero.png>]
File: imagenes/hero.png Graphic file (type png)
<use imagenes/hero.png>
Package pdftex.def Info: imagenes/hero.png  used on input line 433.
(pdftex.def)             Requested size: 9.83731pt x 16.16132pt.
File: imagenes/Macc.png Graphic file (type png)
<use imagenes/Macc.png>
Package pdftex.def Info: imagenes/Macc.png  used on input line 433.
(pdftex.def)             Requested size: 83.55858pt x 14.30281pt.
 [35

]
File: imagenes/hero.png Graphic file (type png)
<use imagenes/hero.png>
Package pdftex.def Info: imagenes/hero.png  used on input line 433.
(pdftex.def)             Requested size: 9.83731pt x 16.16132pt.
File: imagenes/Macc.png Graphic file (type png)
<use imagenes/Macc.png>
Package pdftex.def Info: imagenes/Macc.png  used on input line 433.
(pdftex.def)             Requested size: 83.55858pt x 14.30281pt.
 [36

]
File: imagenes/hero.png Graphic file (type png)
<use imagenes/hero.png>
Package pdftex.def Info: imagenes/hero.png  used on input line 433.
(pdftex.def)             Requested size: 9.83731pt x 16.16132pt.
File: imagenes/Macc.png Graphic file (type png)
<use imagenes/Macc.png>
Package pdftex.def Info: imagenes/Macc.png  used on input line 433.
(pdftex.def)             Requested size: 83.55858pt x 14.30281pt.
 [37

]
File: imagenes/hero.png Graphic file (type png)
<use imagenes/hero.png>
Package pdftex.def Info: imagenes/hero.png  used on input line 433.
(pdftex.def)             Requested size: 9.83731pt x 16.16132pt.
File: imagenes/Macc.png Graphic file (type png)
<use imagenes/Macc.png>
Package pdftex.def Info: imagenes/Macc.png  used on input line 433.
(pdftex.def)             Requested size: 83.55858pt x 14.30281pt.
 [38

]
File: imagenes/hero.png Graphic file (type png)
<use imagenes/hero.png>
Package pdftex.def Info: imagenes/hero.png  used on input line 433.
(pdftex.def)             Requested size: 9.83731pt x 16.16132pt.
File: imagenes/Macc.png Graphic file (type png)
<use imagenes/Macc.png>
Package pdftex.def Info: imagenes/Macc.png  used on input line 433.
(pdftex.def)             Requested size: 83.55858pt x 14.30281pt.
 [39

]
File: imagenes/hero.png Graphic file (type png)
<use imagenes/hero.png>
Package pdftex.def Info: imagenes/hero.png  used on input line 433.
(pdftex.def)             Requested size: 9.83731pt x 16.16132pt.
File: imagenes/Macc.png Graphic file (type png)
<use imagenes/Macc.png>
Package pdftex.def Info: imagenes/Macc.png  used on input line 433.
(pdftex.def)             Requested size: 83.55858pt x 14.30281pt.
 [40

]
File: imagenes/hero.png Graphic file (type png)
<use imagenes/hero.png>
Package pdftex.def Info: imagenes/hero.png  used on input line 433.
(pdftex.def)             Requested size: 9.83731pt x 16.16132pt.
File: imagenes/Macc.png Graphic file (type png)
<use imagenes/Macc.png>
Package pdftex.def Info: imagenes/Macc.png  used on input line 433.
(pdftex.def)             Requested size: 83.55858pt x 14.30281pt.
 [41

]
File: imagenes/hero.png Graphic file (type png)
<use imagenes/hero.png>
Package pdftex.def Info: imagenes/hero.png  used on input line 433.
(pdftex.def)             Requested size: 9.83731pt x 16.16132pt.
File: imagenes/Macc.png Graphic file (type png)
<use imagenes/Macc.png>
Package pdftex.def Info: imagenes/Macc.png  used on input line 433.
(pdftex.def)             Requested size: 83.55858pt x 14.30281pt.
 [42

]
File: imagenes/Macc.png Graphic file (type png)
<use imagenes/Macc.png>
Package pdftex.def Info: imagenes/Macc.png  used on input line 445.
(pdftex.def)             Requested size: 83.55858pt x 14.30281pt.

[43

]
File: imagenes/Macc.png Graphic file (type png)
<use imagenes/Macc.png>
Package pdftex.def Info: imagenes/Macc.png  used on input line 445.
(pdftex.def)             Requested size: 83.55858pt x 14.30281pt.
 [44

]
File: imagenes/Macc.png Graphic file (type png)
<use imagenes/Macc.png>
Package pdftex.def Info: imagenes/Macc.png  used on input line 445.
(pdftex.def)             Requested size: 83.55858pt x 14.30281pt.
 [45

]
File: imagenes/Macc.png Graphic file (type png)
<use imagenes/Macc.png>
Package pdftex.def Info: imagenes/Macc.png  used on input line 445.
(pdftex.def)             Requested size: 83.55858pt x 14.30281pt.
 [46

]
<imagenes/Jupyter_logo.png, id=2509, 1204.5pt x 1396.21625pt>
File: imagenes/Jupyter_logo.png Graphic file (type png)
<use imagenes/Jupyter_logo.png>
Package pdftex.def Info: imagenes/Jupyter_logo.png  used on input line 455.
(pdftex.def)             Requested size: 120.45705pt x 139.6298pt.
File: imagenes/Macc.png Graphic file (type png)
<use imagenes/Macc.png>
Package pdftex.def Info: imagenes/Macc.png  used on input line 455.
(pdftex.def)             Requested size: 83.55858pt x 14.30281pt.
 [47

 <./imagenes/Jupyter_logo.png>]
File: imagenes/Macc.png Graphic file (type png)
<use imagenes/Macc.png>
Package pdftex.def Info: imagenes/Macc.png  used on input line 467.
(pdftex.def)             Requested size: 83.55858pt x 14.30281pt.
 [48

]
\tf@nav=\write7
\openout7 = `teaser.nav'.

\tf@toc=\write8
\openout8 = `teaser.toc'.

\tf@snm=\write9
\openout9 = `teaser.snm'.

Package atveryend Info: Empty hook `BeforeClearDocument' on input line 469.
Package atveryend Info: Empty hook `AfterLastShipout' on input line 469.
 (./teaser.aux
LaTeX Info: Redefining \. on input line 24.
LaTeX Info: Redefining \% on input line 24.
)
Package atveryend Info: Executing hook `AtVeryEndDocument' on input line 469.
Package atveryend Info: Executing hook `AtEndAfterFileList' on input line 469.
Package rerunfilecheck Info: File `teaser.out' has not changed.
(rerunfilecheck)             Checksum: 5804652E146CCE66C3D52414FEDB52DF;267.
 ) 
Here is how much of TeX's memory you used:
 25156 strings out of 480608
 473749 string characters out of 5903631
 802709 words of memory out of 5000000
 40311 multiletter control sequences out of 15000+600000
 546228 words of font info for 79 fonts, out of 8000000 for 9000
 1141 hyphenation exceptions out of 8191
 58i,19n,67p,3234b,784s stack positions out of 5000i,500n,10000p,200000b,80000s
{/usr/local/texlive/2020/texmf-dist/fonts/enc/dvips/cm-super/cm-super-ts1.enc
}</usr/local/texlive/2020/texmf-dist/fonts/type1/public/niceframe-type1/bbding1
0.pfb></usr/local/texlive/2020/texmf-dist/fonts/type1/public/amsfonts/cm/cmss10
.pfb></usr/local/texlive/2020/texmf-dist/fonts/type1/public/amsfonts/cm/cmss12.
pfb></usr/local/texlive/2020/texmf-dist/fonts/type1/public/amsfonts/cm/cmss17.p
fb></usr/local/texlive/2020/texmf-dist/fonts/type1/public/amsfonts/cm/cmss8.pfb
></usr/local/texlive/2020/texmf-dist/fonts/type1/public/amsfonts/cm/cmssbx10.pf
b></usr/local/texlive/2020/texmf-dist/fonts/type1/public/amsfonts/cm/cmsy10.pfb
></usr/local/texlive/2020/texmf-dist/fonts/type1/public/amsfonts/cm/cmtt10.pfb>
</usr/local/texlive/2020/texmf-dist/fonts/type1/public/amsfonts/cm/cmtt8.pfb></
usr/local/texlive/2020/texmf-dist/fonts/type1/public/amsfonts/symbols/msam10.pf
b></usr/local/texlive/2020/texmf-dist/fonts/type1/public/cm-super/sfss1000.pfb>

Output written on teaser.pdf (48 pages, 1771689 bytes).
PDF statistics:
 2676 PDF objects out of 2984 (max. 8388607)
 2529 compressed objects within 26 object streams
 102 named destinations out of 1000 (max. 500000)
 178 words of extra memory for PDF output out of 10000 (max. 10000000)

